Copyright 1986-2022 Xilinx, Inc. All Rights Reserved. Copyright 2022-2024 Advanced Micro Devices, Inc. All Rights Reserved.
------------------------------------------------------------------------------------------------------------------------------------------------------------------------------------------------------------------------------
| Tool Version : Vivado v.2024.2 (win64) Build 5239630 Fri Nov 08 22:35:27 MST 2024
| Date         : Sat Mar  7 19:40:12 2026
| Host         : LAPTOP-M92FBDND running 64-bit major release  (build 9200)
| Command      : report_timing_summary -max_paths 10 -report_unconstrained -file counter_top_timing_summary_routed.rpt -pb counter_top_timing_summary_routed.pb -rpx counter_top_timing_summary_routed.rpx -warn_on_violation
| Design       : counter_top
| Device       : 7k70t-fbv676
| Speed File   : -1  PRODUCTION 1.12 2017-02-17
| Design State : Routed
------------------------------------------------------------------------------------------------------------------------------------------------------------------------------------------------------------------------------

Timing Summary Report

------------------------------------------------------------------------------------------------
| Timer Settings
| --------------
------------------------------------------------------------------------------------------------

  Enable Multi Corner Analysis               :  Yes
  Enable Pessimism Removal                   :  Yes
  Pessimism Removal Resolution               :  Nearest Common Node
  Enable Input Delay Default Clock           :  No
  Enable Preset / Clear Arcs                 :  No
  Disable Flight Delays                      :  No
  Ignore I/O Paths                           :  No
  Timing Early Launch at Borrowing Latches   :  No
  Borrow Time for Max Delay Exceptions       :  Yes
  Merge Timing Exceptions                    :  Yes
  Inter-SLR Compensation                     :  Conservative

  Corner  Analyze    Analyze    
  Name    Max Paths  Min Paths  
  ------  ---------  ---------  
  Slow    Yes        Yes        
  Fast    Yes        Yes        


------------------------------------------------------------------------------------------------
| Report Methodology
| ------------------
------------------------------------------------------------------------------------------------

Rule       Severity          Description                  Violations  
---------  ----------------  ---------------------------  ----------  
TIMING-17  Critical Warning  Non-clocked sequential cell  11          

Note: This report is based on the most recent report_methodology run and may not be up-to-date. Run report_methodology on the current design for the latest report.



check_timing report

Table of Contents
-----------------
1. checking no_clock (11)
2. checking constant_clock (0)
3. checking pulse_width_clock (0)
4. checking unconstrained_internal_endpoints (27)
5. checking no_input_delay (13)
6. checking no_output_delay (8)
7. checking multiple_clock (0)
8. checking generated_clocks (0)
9. checking loops (0)
10. checking partial_input_delay (0)
11. checking partial_output_delay (0)
12. checking latch_loops (0)

1. checking no_clock (11)
-------------------------
 There are 11 register/latch pins with no clock driven by root clock pin: clk (HIGH)


2. checking constant_clock (0)
------------------------------
 There are 0 register/latch pins with constant_clock.


3. checking pulse_width_clock (0)
---------------------------------
 There are 0 register/latch pins which need pulse_width check


4. checking unconstrained_internal_endpoints (27)
-------------------------------------------------
 There are 27 pins that are not constrained for maximum delay. (HIGH)

 There are 0 pins that are not constrained for maximum delay due to constant clock.


5. checking no_input_delay (13)
-------------------------------
 There are 13 input ports with no input delay specified. (HIGH)

 There are 0 input ports with no input delay but user has a false path constraint.


6. checking no_output_delay (8)
-------------------------------
 There are 8 ports with no output delay specified. (HIGH)

 There are 0 ports with no output delay but user has a false path constraint

 There are 0 ports with no output delay but with a timing clock defined on it or propagating through it


7. checking multiple_clock (0)
------------------------------
 There are 0 register/latch pins with multiple clocks.


8. checking generated_clocks (0)
--------------------------------
 There are 0 generated clocks that are not connected to a clock source.


9. checking loops (0)
---------------------
 There are 0 combinational loops in the design.


10. checking partial_input_delay (0)
------------------------------------
 There are 0 input ports with partial input delay specified.


11. checking partial_output_delay (0)
-------------------------------------
 There are 0 ports with partial output delay specified.


12. checking latch_loops (0)
----------------------------
 There are 0 combinational latch loops in the design through latch input



------------------------------------------------------------------------------------------------
| Design Timing Summary
| ---------------------
------------------------------------------------------------------------------------------------

    WNS(ns)      TNS(ns)  TNS Failing Endpoints  TNS Total Endpoints      WHS(ns)      THS(ns)  THS Failing Endpoints  THS Total Endpoints     WPWS(ns)     TPWS(ns)  TPWS Failing Endpoints  TPWS Total Endpoints  
    -------      -------  ---------------------  -------------------      -------      -------  ---------------------  -------------------     --------     --------  ----------------------  --------------------  
        inf        0.000                      0                   35          inf        0.000                      0                   35           NA           NA                      NA                    NA  


There are no user specified timing constraints.


------------------------------------------------------------------------------------------------
| Clock Summary
| -------------
------------------------------------------------------------------------------------------------


------------------------------------------------------------------------------------------------
| Intra Clock Table
| -----------------
------------------------------------------------------------------------------------------------

Clock             WNS(ns)      TNS(ns)  TNS Failing Endpoints  TNS Total Endpoints      WHS(ns)      THS(ns)  THS Failing Endpoints  THS Total Endpoints     WPWS(ns)     TPWS(ns)  TPWS Failing Endpoints  TPWS Total Endpoints  
-----             -------      -------  ---------------------  -------------------      -------      -------  ---------------------  -------------------     --------     --------  ----------------------  --------------------  


------------------------------------------------------------------------------------------------
| Inter Clock Table
| -----------------
------------------------------------------------------------------------------------------------

From Clock    To Clock          WNS(ns)      TNS(ns)  TNS Failing Endpoints  TNS Total Endpoints      WHS(ns)      THS(ns)  THS Failing Endpoints  THS Total Endpoints  
----------    --------          -------      -------  ---------------------  -------------------      -------      -------  ---------------------  -------------------  


------------------------------------------------------------------------------------------------
| Other Path Groups Table
| -----------------------
------------------------------------------------------------------------------------------------

Path Group    From Clock    To Clock          WNS(ns)      TNS(ns)  TNS Failing Endpoints  TNS Total Endpoints      WHS(ns)      THS(ns)  THS Failing Endpoints  THS Total Endpoints  
----------    ----------    --------          -------      -------  ---------------------  -------------------      -------      -------  ---------------------  -------------------  


------------------------------------------------------------------------------------------------
| User Ignored Path Table
| -----------------------
------------------------------------------------------------------------------------------------

Path Group    From Clock    To Clock    
----------    ----------    --------    


------------------------------------------------------------------------------------------------
| Unconstrained Path Table
| ------------------------
------------------------------------------------------------------------------------------------

Path Group    From Clock    To Clock    
----------    ----------    --------    
(none)                                    


------------------------------------------------------------------------------------------------
| Timing Details
| --------------
------------------------------------------------------------------------------------------------


--------------------------------------------------------------------------------------
Path Group:  (none)
From Clock:  
  To Clock:  

Max Delay            35 Endpoints
Min Delay            35 Endpoints
--------------------------------------------------------------------------------------


Max Delay Paths
--------------------------------------------------------------------------------------
Slack:                    inf
  Source:                 u_data/count_reg[2]/C
                            (rising edge-triggered cell FDRE)
  Destination:            counting_val[2]
                            (output port)
  Path Group:             (none)
  Path Type:              Max at Slow Process Corner
  Data Path Delay:        4.379ns  (logic 2.715ns (61.996%)  route 1.664ns (38.004%))
  Logic Levels:           2  (FDRE=1 OBUF=1)

    Location             Delay type                Incr(ns)  Path(ns)    Netlist Resource(s)
  -------------------------------------------------------------------    -------------------
    SLICE_X1Y11          FDRE                         0.000     0.000 r  u_data/count_reg[2]/C
    SLICE_X1Y11          FDRE (Prop_fdre_C_Q)         0.269     0.269 r  u_data/count_reg[2]/Q
                         net (fo=11, routed)          1.664     1.933    counting_val_OBUF[2]
    R18                  OBUF (Prop_obuf_I_O)         2.446     4.379 r  counting_val_OBUF[2]_inst/O
                         net (fo=0)                   0.000     4.379    counting_val[2]
    R18                                                               r  counting_val[2] (OUT)
  -------------------------------------------------------------------    -------------------

Slack:                    inf
  Source:                 u_data/count_reg[7]/C
                            (rising edge-triggered cell FDRE)
  Destination:            counting_val[7]
                            (output port)
  Path Group:             (none)
  Path Type:              Max at Slow Process Corner
  Data Path Delay:        4.330ns  (logic 2.710ns (62.575%)  route 1.621ns (37.425%))
  Logic Levels:           2  (FDRE=1 OBUF=1)

    Location             Delay type                Incr(ns)  Path(ns)    Netlist Resource(s)
  -------------------------------------------------------------------    -------------------
    SLICE_X0Y11          FDRE                         0.000     0.000 r  u_data/count_reg[7]/C
    SLICE_X0Y11          FDRE (Prop_fdre_C_Q)         0.269     0.269 r  u_data/count_reg[7]/Q
                         net (fo=10, routed)          1.621     1.890    counting_val_OBUF[7]
    R17                  OBUF (Prop_obuf_I_O)         2.441     4.330 r  counting_val_OBUF[7]_inst/O
                         net (fo=0)                   0.000     4.330    counting_val[7]
    R17                                                               r  counting_val[7] (OUT)
  -------------------------------------------------------------------    -------------------

Slack:                    inf
  Source:                 u_data/count_reg[0]/C
                            (rising edge-triggered cell FDRE)
  Destination:            counting_val[0]
                            (output port)
  Path Group:             (none)
  Path Type:              Max at Slow Process Corner
  Data Path Delay:        4.308ns  (logic 2.703ns (62.741%)  route 1.605ns (37.259%))
  Logic Levels:           2  (FDRE=1 OBUF=1)

    Location             Delay type                Incr(ns)  Path(ns)    Netlist Resource(s)
  -------------------------------------------------------------------    -------------------
    SLICE_X0Y11          FDRE                         0.000     0.000 r  u_data/count_reg[0]/C
    SLICE_X0Y11          FDRE (Prop_fdre_C_Q)         0.269     0.269 r  u_data/count_reg[0]/Q
                         net (fo=16, routed)          1.605     1.874    counting_val_OBUF[0]
    U16                  OBUF (Prop_obuf_I_O)         2.434     4.308 r  counting_val_OBUF[0]_inst/O
                         net (fo=0)                   0.000     4.308    counting_val[0]
    U16                                                               r  counting_val[0] (OUT)
  -------------------------------------------------------------------    -------------------

Slack:                    inf
  Source:                 u_data/count_reg[3]/C
                            (rising edge-triggered cell FDRE)
  Destination:            counting_val[3]
                            (output port)
  Path Group:             (none)
  Path Type:              Max at Slow Process Corner
  Data Path Delay:        4.266ns  (logic 2.688ns (63.018%)  route 1.578ns (36.982%))
  Logic Levels:           2  (FDRE=1 OBUF=1)

    Location             Delay type                Incr(ns)  Path(ns)    Netlist Resource(s)
  -------------------------------------------------------------------    -------------------
    SLICE_X1Y11          FDRE                         0.000     0.000 r  u_data/count_reg[3]/C
    SLICE_X1Y11          FDRE (Prop_fdre_C_Q)         0.269     0.269 r  u_data/count_reg[3]/Q
                         net (fo=10, routed)          1.578     1.847    counting_val_OBUF[3]
    T17                  OBUF (Prop_obuf_I_O)         2.419     4.266 r  counting_val_OBUF[3]_inst/O
                         net (fo=0)                   0.000     4.266    counting_val[3]
    T17                                                               r  counting_val[3] (OUT)
  -------------------------------------------------------------------    -------------------

Slack:                    inf
  Source:                 u_data/count_reg[5]/C
                            (rising edge-triggered cell FDRE)
  Destination:            counting_val[5]
                            (output port)
  Path Group:             (none)
  Path Type:              Max at Slow Process Corner
  Data Path Delay:        4.255ns  (logic 2.730ns (64.148%)  route 1.526ns (35.852%))
  Logic Levels:           2  (FDRE=1 OBUF=1)

    Location             Delay type                Incr(ns)  Path(ns)    Netlist Resource(s)
  -------------------------------------------------------------------    -------------------
    SLICE_X0Y10          FDRE                         0.000     0.000 r  u_data/count_reg[5]/C
    SLICE_X0Y10          FDRE (Prop_fdre_C_Q)         0.269     0.269 r  u_data/count_reg[5]/Q
                         net (fo=8, routed)           1.526     1.795    counting_val_OBUF[5]
    M19                  OBUF (Prop_obuf_I_O)         2.461     4.255 r  counting_val_OBUF[5]_inst/O
                         net (fo=0)                   0.000     4.255    counting_val[5]
    M19                                                               r  counting_val[5] (OUT)
  -------------------------------------------------------------------    -------------------

Slack:                    inf
  Source:                 u_data/count_reg[1]/C
                            (rising edge-triggered cell FDRE)
  Destination:            counting_val[1]
                            (output port)
  Path Group:             (none)
  Path Type:              Max at Slow Process Corner
  Data Path Delay:        4.169ns  (logic 2.720ns (65.236%)  route 1.449ns (34.764%))
  Logic Levels:           2  (FDRE=1 OBUF=1)

    Location             Delay type                Incr(ns)  Path(ns)    Netlist Resource(s)
  -------------------------------------------------------------------    -------------------
    SLICE_X0Y9           FDRE                         0.000     0.000 r  u_data/count_reg[1]/C
    SLICE_X0Y9           FDRE (Prop_fdre_C_Q)         0.269     0.269 r  u_data/count_reg[1]/Q
                         net (fo=12, routed)          1.449     1.718    counting_val_OBUF[1]
    P18                  OBUF (Prop_obuf_I_O)         2.451     4.169 r  counting_val_OBUF[1]_inst/O
                         net (fo=0)                   0.000     4.169    counting_val[1]
    P18                                                               r  counting_val[1] (OUT)
  -------------------------------------------------------------------    -------------------

Slack:                    inf
  Source:                 u_data/count_reg[4]/C
                            (rising edge-triggered cell FDRE)
  Destination:            counting_val[4]
                            (output port)
  Path Group:             (none)
  Path Type:              Max at Slow Process Corner
  Data Path Delay:        4.109ns  (logic 2.686ns (65.378%)  route 1.423ns (34.622%))
  Logic Levels:           2  (FDRE=1 OBUF=1)

    Location             Delay type                Incr(ns)  Path(ns)    Netlist Resource(s)
  -------------------------------------------------------------------    -------------------
    SLICE_X1Y10          FDRE                         0.000     0.000 r  u_data/count_reg[4]/C
    SLICE_X1Y10          FDRE (Prop_fdre_C_Q)         0.269     0.269 r  u_data/count_reg[4]/Q
                         net (fo=10, routed)          1.423     1.692    counting_val_OBUF[4]
    U17                  OBUF (Prop_obuf_I_O)         2.417     4.109 r  counting_val_OBUF[4]_inst/O
                         net (fo=0)                   0.000     4.109    counting_val[4]
    U17                                                               r  counting_val[4] (OUT)
  -------------------------------------------------------------------    -------------------

Slack:                    inf
  Source:                 u_data/count_reg[6]/C
                            (rising edge-triggered cell FDRE)
  Destination:            counting_val[6]
                            (output port)
  Path Group:             (none)
  Path Type:              Max at Slow Process Corner
  Data Path Delay:        4.071ns  (logic 2.729ns (67.045%)  route 1.341ns (32.955%))
  Logic Levels:           2  (FDRE=1 OBUF=1)

    Location             Delay type                Incr(ns)  Path(ns)    Netlist Resource(s)
  -------------------------------------------------------------------    -------------------
    SLICE_X1Y9           FDRE                         0.000     0.000 r  u_data/count_reg[6]/C
    SLICE_X1Y9           FDRE (Prop_fdre_C_Q)         0.269     0.269 r  u_data/count_reg[6]/Q
                         net (fo=6, routed)           1.341     1.610    counting_val_OBUF[6]
    N18                  OBUF (Prop_obuf_I_O)         2.460     4.071 r  counting_val_OBUF[6]_inst/O
                         net (fo=0)                   0.000     4.071    counting_val[6]
    N18                                                               r  counting_val[6] (OUT)
  -------------------------------------------------------------------    -------------------

Slack:                    inf
  Source:                 max_value[7]
                            (input port)
  Destination:            u_data/count_reg[1]/R
  Path Group:             (none)
  Path Type:              Max at Slow Process Corner
  Data Path Delay:        3.132ns  (logic 0.935ns (29.853%)  route 2.197ns (70.147%))
  Logic Levels:           3  (IBUF=1 LUT4=1 LUT5=1)

    Location             Delay type                Incr(ns)  Path(ns)    Netlist Resource(s)
  -------------------------------------------------------------------    -------------------
    T23                                               0.000     0.000 r  max_value[7] (IN)
                         net (fo=0)                   0.000     0.000    max_value[7]
    T23                  IBUF (Prop_ibuf_I_O)         0.829     0.829 r  max_value_IBUF[7]_inst/O
                         net (fo=2, routed)           0.999     1.828    u_ctrl/max_value_IBUF[0]
    SLICE_X0Y12          LUT4 (Prop_lut4_I3_O)        0.053     1.881 r  u_ctrl/count[7]_i_4/O
                         net (fo=1, routed)           0.664     2.545    u_data/count_reg[0]_0
    SLICE_X0Y11          LUT5 (Prop_lut5_I1_O)        0.053     2.598 r  u_data/count[7]_i_1/O
                         net (fo=8, routed)           0.534     3.132    u_data/count[7]_i_1_n_0
    SLICE_X0Y9           FDRE                                         r  u_data/count_reg[1]/R
  -------------------------------------------------------------------    -------------------

Slack:                    inf
  Source:                 max_value[7]
                            (input port)
  Destination:            u_data/count_reg[6]/R
  Path Group:             (none)
  Path Type:              Max at Slow Process Corner
  Data Path Delay:        3.130ns  (logic 0.935ns (29.875%)  route 2.195ns (70.125%))
  Logic Levels:           3  (IBUF=1 LUT4=1 LUT5=1)

    Location             Delay type                Incr(ns)  Path(ns)    Netlist Resource(s)
  -------------------------------------------------------------------    -------------------
    T23                                               0.000     0.000 r  max_value[7] (IN)
                         net (fo=0)                   0.000     0.000    max_value[7]
    T23                  IBUF (Prop_ibuf_I_O)         0.829     0.829 r  max_value_IBUF[7]_inst/O
                         net (fo=2, routed)           0.999     1.828    u_ctrl/max_value_IBUF[0]
    SLICE_X0Y12          LUT4 (Prop_lut4_I3_O)        0.053     1.881 r  u_ctrl/count[7]_i_4/O
                         net (fo=1, routed)           0.664     2.545    u_data/count_reg[0]_0
    SLICE_X0Y11          LUT5 (Prop_lut5_I1_O)        0.053     2.598 r  u_data/count[7]_i_1/O
                         net (fo=8, routed)           0.531     3.130    u_data/count[7]_i_1_n_0
    SLICE_X1Y9           FDRE                                         r  u_data/count_reg[6]/R
  -------------------------------------------------------------------    -------------------





Min Delay Paths
--------------------------------------------------------------------------------------
Slack:                    inf
  Source:                 u_ctrl/FSM_onehot_state_reg[1]/C
                            (rising edge-triggered cell FDRE)
  Destination:            u_ctrl/FSM_onehot_state_reg[1]/D
  Path Group:             (none)
  Path Type:              Min at Fast Process Corner
  Data Path Delay:        0.289ns  (logic 0.128ns (44.267%)  route 0.161ns (55.733%))
  Logic Levels:           2  (FDRE=1 LUT5=1)

    Location             Delay type                Incr(ns)  Path(ns)    Netlist Resource(s)
  -------------------------------------------------------------------    -------------------
    SLICE_X0Y16          FDRE                         0.000     0.000 r  u_ctrl/FSM_onehot_state_reg[1]/C
    SLICE_X0Y16          FDRE (Prop_fdre_C_Q)         0.100     0.100 r  u_ctrl/FSM_onehot_state_reg[1]/Q
                         net (fo=12, routed)          0.161     0.261    u_ctrl/run
    SLICE_X0Y16          LUT5 (Prop_lut5_I0_O)        0.028     0.289 r  u_ctrl/FSM_onehot_state[1]_i_1/O
                         net (fo=1, routed)           0.000     0.289    u_ctrl/FSM_onehot_state[1]_i_1_n_0
    SLICE_X0Y16          FDRE                                         r  u_ctrl/FSM_onehot_state_reg[1]/D
  -------------------------------------------------------------------    -------------------

Slack:                    inf
  Source:                 u_ctrl/FSM_onehot_state_reg[1]/C
                            (rising edge-triggered cell FDRE)
  Destination:            u_ctrl/FSM_onehot_state_reg[2]/D
  Path Group:             (none)
  Path Type:              Min at Fast Process Corner
  Data Path Delay:        0.290ns  (logic 0.129ns (44.459%)  route 0.161ns (55.541%))
  Logic Levels:           2  (FDRE=1 LUT4=1)

    Location             Delay type                Incr(ns)  Path(ns)    Netlist Resource(s)
  -------------------------------------------------------------------    -------------------
    SLICE_X0Y16          FDRE                         0.000     0.000 r  u_ctrl/FSM_onehot_state_reg[1]/C
    SLICE_X0Y16          FDRE (Prop_fdre_C_Q)         0.100     0.100 r  u_ctrl/FSM_onehot_state_reg[1]/Q
                         net (fo=12, routed)          0.161     0.261    u_ctrl/run
    SLICE_X0Y16          LUT4 (Prop_lut4_I2_O)        0.029     0.290 r  u_ctrl/FSM_onehot_state[2]_i_1/O
                         net (fo=1, routed)           0.000     0.290    u_ctrl/FSM_onehot_state[2]_i_1_n_0
    SLICE_X0Y16          FDRE                                         r  u_ctrl/FSM_onehot_state_reg[2]/D
  -------------------------------------------------------------------    -------------------

Slack:                    inf
  Source:                 u_data/count_reg[4]/C
                            (rising edge-triggered cell FDRE)
  Destination:            u_data/count_reg[4]/D
  Path Group:             (none)
  Path Type:              Min at Fast Process Corner
  Data Path Delay:        0.291ns  (logic 0.128ns (43.954%)  route 0.163ns (56.046%))
  Logic Levels:           2  (FDRE=1 LUT6=1)

    Location             Delay type                Incr(ns)  Path(ns)    Netlist Resource(s)
  -------------------------------------------------------------------    -------------------
    SLICE_X1Y10          FDRE                         0.000     0.000 r  u_data/count_reg[4]/C
    SLICE_X1Y10          FDRE (Prop_fdre_C_Q)         0.100     0.100 r  u_data/count_reg[4]/Q
                         net (fo=10, routed)          0.163     0.263    u_data/Q[4]
    SLICE_X1Y10          LUT6 (Prop_lut6_I5_O)        0.028     0.291 r  u_data/count[4]_i_1/O
                         net (fo=1, routed)           0.000     0.291    u_data/p_0_in[4]
    SLICE_X1Y10          FDRE                                         r  u_data/count_reg[4]/D
  -------------------------------------------------------------------    -------------------

Slack:                    inf
  Source:                 u_data/count_reg[6]/C
                            (rising edge-triggered cell FDRE)
  Destination:            u_data/count_reg[6]/D
  Path Group:             (none)
  Path Type:              Min at Fast Process Corner
  Data Path Delay:        0.302ns  (logic 0.128ns (42.444%)  route 0.174ns (57.556%))
  Logic Levels:           2  (FDRE=1 LUT6=1)

    Location             Delay type                Incr(ns)  Path(ns)    Netlist Resource(s)
  -------------------------------------------------------------------    -------------------
    SLICE_X1Y9           FDRE                         0.000     0.000 r  u_data/count_reg[6]/C
    SLICE_X1Y9           FDRE (Prop_fdre_C_Q)         0.100     0.100 r  u_data/count_reg[6]/Q
                         net (fo=6, routed)           0.174     0.274    u_data/Q[6]
    SLICE_X1Y9           LUT6 (Prop_lut6_I5_O)        0.028     0.302 r  u_data/count[6]_i_1/O
                         net (fo=1, routed)           0.000     0.302    u_data/p_0_in[6]
    SLICE_X1Y9           FDRE                                         r  u_data/count_reg[6]/D
  -------------------------------------------------------------------    -------------------

Slack:                    inf
  Source:                 u_data/count_reg[7]/C
                            (rising edge-triggered cell FDRE)
  Destination:            u_data/count_reg[7]/D
  Path Group:             (none)
  Path Type:              Min at Fast Process Corner
  Data Path Delay:        0.303ns  (logic 0.128ns (42.294%)  route 0.175ns (57.706%))
  Logic Levels:           2  (FDRE=1 LUT6=1)

    Location             Delay type                Incr(ns)  Path(ns)    Netlist Resource(s)
  -------------------------------------------------------------------    -------------------
    SLICE_X0Y11          FDRE                         0.000     0.000 r  u_data/count_reg[7]/C
    SLICE_X0Y11          FDRE (Prop_fdre_C_Q)         0.100     0.100 r  u_data/count_reg[7]/Q
                         net (fo=10, routed)          0.175     0.275    u_data/Q[7]
    SLICE_X0Y11          LUT6 (Prop_lut6_I1_O)        0.028     0.303 r  u_data/count[7]_i_2/O
                         net (fo=1, routed)           0.000     0.303    u_data/p_0_in[7]
    SLICE_X0Y11          FDRE                                         r  u_data/count_reg[7]/D
  -------------------------------------------------------------------    -------------------

Slack:                    inf
  Source:                 u_data/count_reg[1]/C
                            (rising edge-triggered cell FDRE)
  Destination:            u_data/count_reg[1]/D
  Path Group:             (none)
  Path Type:              Min at Fast Process Corner
  Data Path Delay:        0.311ns  (logic 0.128ns (41.213%)  route 0.183ns (58.787%))
  Logic Levels:           2  (FDRE=1 LUT6=1)

    Location             Delay type                Incr(ns)  Path(ns)    Netlist Resource(s)
  -------------------------------------------------------------------    -------------------
    SLICE_X0Y9           FDRE                         0.000     0.000 r  u_data/count_reg[1]/C
    SLICE_X0Y9           FDRE (Prop_fdre_C_Q)         0.100     0.100 r  u_data/count_reg[1]/Q
                         net (fo=12, routed)          0.183     0.283    u_data/Q[1]
    SLICE_X0Y9           LUT6 (Prop_lut6_I3_O)        0.028     0.311 r  u_data/count[1]_i_1/O
                         net (fo=1, routed)           0.000     0.311    u_data/p_0_in[1]
    SLICE_X0Y9           FDRE                                         r  u_data/count_reg[1]/D
  -------------------------------------------------------------------    -------------------

Slack:                    inf
  Source:                 u_data/count_reg[0]/C
                            (rising edge-triggered cell FDRE)
  Destination:            u_data/count_reg[0]/D
  Path Group:             (none)
  Path Type:              Min at Fast Process Corner
  Data Path Delay:        0.322ns  (logic 0.129ns (40.115%)  route 0.193ns (59.885%))
  Logic Levels:           2  (FDRE=1 LUT5=1)

    Location             Delay type                Incr(ns)  Path(ns)    Netlist Resource(s)
  -------------------------------------------------------------------    -------------------
    SLICE_X0Y11          FDRE                         0.000     0.000 r  u_data/count_reg[0]/C
    SLICE_X0Y11          FDRE (Prop_fdre_C_Q)         0.100     0.100 f  u_data/count_reg[0]/Q
                         net (fo=16, routed)          0.193     0.293    u_data/Q[0]
    SLICE_X0Y11          LUT5 (Prop_lut5_I2_O)        0.029     0.322 r  u_data/count[0]_i_1/O
                         net (fo=1, routed)           0.000     0.322    u_data/p_0_in[0]
    SLICE_X0Y11          FDRE                                         r  u_data/count_reg[0]/D
  -------------------------------------------------------------------    -------------------

Slack:                    inf
  Source:                 u_data/count_reg[3]/C
                            (rising edge-triggered cell FDRE)
  Destination:            u_data/count_reg[3]/D
  Path Group:             (none)
  Path Type:              Min at Fast Process Corner
  Data Path Delay:        0.330ns  (logic 0.128ns (38.834%)  route 0.202ns (61.166%))
  Logic Levels:           2  (FDRE=1 LUT6=1)

    Location             Delay type                Incr(ns)  Path(ns)    Netlist Resource(s)
  -------------------------------------------------------------------    -------------------
    SLICE_X1Y11          FDRE                         0.000     0.000 r  u_data/count_reg[3]/C
    SLICE_X1Y11          FDRE (Prop_fdre_C_Q)         0.100     0.100 r  u_data/count_reg[3]/Q
                         net (fo=10, routed)          0.202     0.302    u_data/Q[3]
    SLICE_X1Y11          LUT6 (Prop_lut6_I5_O)        0.028     0.330 r  u_data/count[3]_i_1/O
                         net (fo=1, routed)           0.000     0.330    u_data/p_0_in[3]
    SLICE_X1Y11          FDRE                                         r  u_data/count_reg[3]/D
  -------------------------------------------------------------------    -------------------

Slack:                    inf
  Source:                 u_ctrl/FSM_onehot_state_reg[0]/C
                            (rising edge-triggered cell FDRE)
  Destination:            u_ctrl/FSM_onehot_state_reg[0]/D
  Path Group:             (none)
  Path Type:              Min at Fast Process Corner
  Data Path Delay:        0.333ns  (logic 0.128ns (38.398%)  route 0.205ns (61.602%))
  Logic Levels:           2  (FDRE=1 LUT3=1)

    Location             Delay type                Incr(ns)  Path(ns)    Netlist Resource(s)
  -------------------------------------------------------------------    -------------------
    SLICE_X0Y16          FDRE                         0.000     0.000 r  u_ctrl/FSM_onehot_state_reg[0]/C
    SLICE_X0Y16          FDRE (Prop_fdre_C_Q)         0.100     0.100 r  u_ctrl/FSM_onehot_state_reg[0]/Q
                         net (fo=3, routed)           0.205     0.305    u_ctrl/FSM_onehot_state_reg_n_0_[0]
    SLICE_X0Y16          LUT3 (Prop_lut3_I0_O)        0.028     0.333 r  u_ctrl/FSM_onehot_state[0]_i_1/O
                         net (fo=1, routed)           0.000     0.333    u_ctrl/FSM_onehot_state[0]_i_1_n_0
    SLICE_X0Y16          FDRE                                         r  u_ctrl/FSM_onehot_state_reg[0]/D
  -------------------------------------------------------------------    -------------------

Slack:                    inf
  Source:                 u_ctrl/FSM_onehot_state_reg[1]/C
                            (rising edge-triggered cell FDRE)
  Destination:            u_data/count_reg[0]/CE
  Path Group:             (none)
  Path Type:              Min at Fast Process Corner
  Data Path Delay:        0.352ns  (logic 0.100ns (28.441%)  route 0.252ns (71.559%))
  Logic Levels:           1  (FDRE=1)

    Location             Delay type                Incr(ns)  Path(ns)    Netlist Resource(s)
  -------------------------------------------------------------------    -------------------
    SLICE_X0Y16          FDRE                         0.000     0.000 r  u_ctrl/FSM_onehot_state_reg[1]/C
    SLICE_X0Y16          FDRE (Prop_fdre_C_Q)         0.100     0.100 r  u_ctrl/FSM_onehot_state_reg[1]/Q
                         net (fo=12, routed)          0.252     0.352    u_data/E[0]
    SLICE_X0Y11          FDRE                                         r  u_data/count_reg[0]/CE
  -------------------------------------------------------------------    -------------------





